<?xml version="1.0" encoding="UTF-8"?>
<!-- Generated by org.testng.reporters.JUnitXMLReporter -->
<testsuite ignored="2" hostname="DESKTOP-OMGE8E1" failures="0" tests="4" name="Test" time="8.59" errors="0" timestamp="2024-12-07T13:25:35 IST">
  <testcase classname="com.ninza.hrm.api.employetest.EmployeeTest" name="addEmployeeTest" time="4.835"/>
  <testcase classname="com.ninza.hrm.api.employetest.EmployeeTest" name="addEmployeeWithoutEmailTest" time="1.087"/>
  <testcase classname="com.ninza.hrm.api.projecttest.ProjectTest" name="addSingleProjectWithCreated" time="2.067"/>
  <testcase classname="com.ninza.hrm.api.projecttest.ProjectTest" name="createDuplicateProjectTest" time="0.448"/>
  <testcase classname="com.ninza.hrm.api.baseclass.BaseAPIClass" name="@BeforeSuite configBS" time="0.0">
    <ignored/>
  </testcase> <!-- @BeforeSuite configBS -->
  <testcase classname="com.ninza.hrm.api.baseclass.BaseAPIClass" name="@AfterSuite configAs" time="0.0">
    <ignored/>
  </testcase> <!-- @AfterSuite configAs -->
</testsuite> <!-- Test -->
